\BOOKMARK [1][-]{section*.2}{\376\377\000S\000t\000a\000g\000e\000\040\0001\000:\000\040\000P\000l\000a\000n\000n\000i\000n\000g\000\040\000y\000o\000u\000r\000\040\000a\000n\000a\000l\000y\000s\000i\000s}{}% 1
\BOOKMARK [2][-]{section*.3}{\376\377\000S\000t\000e\000p\000\040\0001\000:\000\040\000D\000a\000t\000a\000s\000e\000t\000\040\000o\000v\000e\000r\000v\000i\000e\000w\000\040\000a\000n\000d\000\040\000d\000e\000s\000c\000r\000i\000p\000t\000i\000o\000n}{section*.2}% 2
\BOOKMARK [2][-]{section*.4}{\376\377\000S\000t\000e\000p\000\040\0002\000:\000\040\000O\000n\000e\000-\000w\000a\000y\000\040\000a\000n\000a\000l\000y\000s\000i\000s}{section*.2}% 3
\BOOKMARK [2][-]{section*.5}{\376\377\000S\000t\000e\000p\000\040\0003\000:\000\040\000T\000w\000o\000-\000w\000a\000y\000\040\000a\000n\000a\000l\000y\000s\000i\000s}{section*.2}% 4
\BOOKMARK [2][-]{section*.6}{\376\377\000S\000t\000e\000p\000\040\0004\000:\000\040\000T\000h\000r\000e\000e\000-\000w\000a\000y\000\040\000a\000n\000a\000l\000y\000s\000i\000s}{section*.2}% 5
\BOOKMARK [1][-]{section*.7}{\376\377\000S\000t\000a\000g\000e\000\040\0002\000:\000\040\000G\000e\000t\000t\000i\000n\000g\000\040\000s\000t\000a\000r\000t\000e\000d\000\040\000w\000i\000t\000h\000\040\000q\000p\000l\000o\000t\000\050\000\051\000\040\000i\000n\000\040\000t\000h\000e\000\040\000g\000g\000p\000l\000o\000t\0002\000\040\000p\000a\000c\000k\000a\000g\000e\000.}{}% 6
\BOOKMARK [2][-]{section*.8}{\376\377\000R\000e\000c\000a\000p\000:\000\040\000s\000o\000m\000e\000\040\000i\000m\000p\000o\000r\000t\000a\000n\000t\000\040\000a\000r\000g\000u\000m\000e\000n\000t\000s\000\040\000i\000n\000\040\000q\000p\000l\000o\000t}{section*.7}% 7
\BOOKMARK [2][-]{section*.9}{\376\377\000O\000n\000e\000-\000w\000a\000y\000\040\000a\000n\000a\000l\000y\000s\000i\000s}{section*.7}% 8
\BOOKMARK [3][-]{section*.10}{\376\377\000L\000o\000a\000d\000\040\000p\000a\000c\000k\000a\000g\000e\000s}{section*.9}% 9
\BOOKMARK [3][-]{section*.11}{\376\377\0001\000.\000\040\000S\000u\000m\000m\000a\000r\000i\000z\000i\000n\000g\000\040\000q\000u\000a\000l\000i\000t\000a\000t\000i\000v\000e\000\040\000v\000a\000r\000i\000a\000b\000l\000e\000s}{section*.9}% 10
\BOOKMARK [3][-]{section*.12}{\376\377\0002\000.\000\040\000S\000u\000m\000m\000a\000r\000i\000z\000i\000n\000g\000\040\000q\000u\000a\000n\000t\000i\000t\000a\000t\000i\000v\000e\000\040\000v\000a\000r\000i\000a\000b\000l\000e\000s}{section*.9}% 11
\BOOKMARK [2][-]{section*.16}{\376\377\000T\000w\000o\000-\000w\000a\000y\000\040\000a\000n\000a\000l\000y\000s\000i\000s}{section*.7}% 12
\BOOKMARK [3][-]{section*.17}{\376\377\0001\000.\000\040\000V\000i\000s\000u\000a\000l\000i\000z\000i\000n\000g\000\040\000t\000w\000o\000\040\000q\000u\000a\000l\000i\000t\000a\000t\000i\000v\000e\000\040\000v\000a\000r\000i\000a\000b\000l\000e\000s\000\040\000a\000t\000\040\000a\000\040\000t\000i\000m\000e}{section*.16}% 13
\BOOKMARK [3][-]{section*.18}{\376\377\0002\000.\000\040\000V\000i\000s\000u\000a\000l\000i\000z\000i\000n\000g\000\040\000q\000u\000a\000l\000i\000t\000a\000t\000i\000v\000e\000\040\000a\000n\000d\000\040\000q\000u\000a\000n\000t\000i\000t\000a\000t\000i\000v\000e\000\040\000v\000a\000r\000i\000a\000b\000l\000e\000s}{section*.16}% 14
\BOOKMARK [2][-]{section*.20}{\376\377\000T\000h\000r\000e\000e\000-\000w\000a\000y\000\040\000a\000n\000a\000l\000y\000s\000i\000s}{section*.7}% 15
\BOOKMARK [1][-]{section*.21}{\376\377\000p\000a\000t\000c\000h\000w\000o\000r\000k\000\040\000p\000a\000c\000k\000a\000g\000e\000\040\000i\000n\000\040\000R}{}% 16
\BOOKMARK [2][-]{section*.22}{\376\377\000A\000r\000r\000a\000n\000g\000e\000\040\000m\000u\000l\000t\000i\000p\000l\000e\000\040\000g\000r\000a\000p\000h\000s\000\040\000r\000o\000w\000-\000w\000i\000s\000e\000\040\000u\000s\000e\000\040\000`\000`\000/\000'\000'}{section*.21}% 17
\BOOKMARK [2][-]{section*.23}{\376\377\000A\000r\000r\000a\000n\000g\000e\000\040\000m\000u\000l\000t\000i\000p\000l\000e\000\040\000g\000r\000a\000p\000h\000s\000\040\000c\000o\000l\000u\000m\000n\000-\000w\000i\000s\000e\000:\000\040\000u\000s\000e\000\040\000`\000`\000|\000'\000'}{section*.21}% 18
\BOOKMARK [2][-]{section*.24}{\376\377\000A\000r\000r\000a\000n\000g\000e\000\040\000m\000u\000l\000t\000i\000p\000l\000e\000\040\000g\000r\000a\000p\000h\000s\000\040\000b\000o\000t\000h\000\040\000r\000o\000w\000-\000w\000i\000s\000e\000\040\000a\000n\000d\000\040\000c\000o\000l\000u\000m\000n\000-\000w\000i\000s\000e}{section*.21}% 19
\BOOKMARK [1][-]{section*.25}{\376\377\000S\000t\000a\000g\000e\000\040\0003\000:\000\040\000F\000i\000n\000a\000l\000\040\000a\000n\000a\000l\000y\000s\000i\000s}{}% 20
\BOOKMARK [2][-]{section*.26}{\376\377\0001\000.\000\040\000C\000o\000m\000p\000o\000s\000i\000t\000i\000o\000n\000\040\000o\000f\000\040\000t\000h\000e\000\040\000s\000a\000m\000p\000l\000e}{section*.25}% 21
\BOOKMARK [2][-]{section*.27}{\376\377\0002\000.\000\040\000D\000i\000s\000t\000r\000i\000b\000u\000t\000i\000o\000n\000\040\000o\000f\000\040\000t\000h\000e\000\040\000f\000e\000a\000t\000u\000r\000e\000s\000\040\000o\000f\000\040\000s\000e\000p\000a\000l\000\040\000a\000n\000d\000\040\000p\000e\000t\000a\000l\000\040\000b\000y\000\040\000s\000p\000e\000c\000i\000e\000s}{section*.25}% 22
\BOOKMARK [2][-]{section*.28}{\376\377\0003\000.\000\040\000R\000e\000l\000a\000t\000i\000o\000n\000s\000h\000i\000p\000\040\000b\000e\000t\000w\000e\000e\000n\000\040\000f\000e\000a\000t\000u\000r\000e\000s\000\040\000o\000f\000\040\000s\000e\000p\000a\000l\000\040\000a\000n\000d\000\040\000p\000e\000t\000a\000l\000\040\000b\000y\000\040\000s\000p\000e\000c\000i\000e\000s}{section*.25}% 23
